2025-03-02 20:19:05,802 [INFO] dexcreen - Initialize db...
2025-03-02 20:19:05,803 [INFO] dexcreen - Initialized db.
2025-03-02 20:19:05,804 [INFO] dexcreen - Loading config...
2025-03-02 20:19:06,736 [INFO] dexcreen - Initialize epd...
2025-03-02 20:19:12,538 [INFO] dexcreen - Initialized epd.
2025-03-02 20:26:28,701 [INFO] dexcreen.dexcreen - Initialize db...
2025-03-02 20:26:28,712 [INFO] dexcreen.dexcreen - Initialized db.
2025-03-02 20:26:28,713 [INFO] dexcreen.dexcreen - Loading config...
2025-03-02 20:26:29,497 [INFO] dexcreen.dexcreen - Initialize epd...
2025-03-02 20:26:35,299 [INFO] dexcreen.dexcreen - Initialized epd.
2025-03-02 20:26:35,435 [INFO] dexcreen.dexcreen - 263 mg/dL, falling slightly, ↘, 1 min ago
2025-03-02 20:26:35,436 [INFO] __main__ - Fetch next data 228.821519 sec later.
2025-03-02 20:35:46,991 [INFO] dexcreen.dexcreen - Initialize db...
2025-03-02 20:35:46,995 [INFO] dexcreen.dexcreen - Initialized db.
2025-03-02 20:35:46,995 [INFO] dexcreen.dexcreen - Loading config...
2025-03-02 20:35:47,796 [INFO] dexcreen.dexcreen - Initialize epd...
2025-03-02 20:35:53,599 [INFO] dexcreen.dexcreen - Initialized epd.
2025-03-02 20:35:53,762 [INFO] dexcreen.dexcreen - 257 mg/dL, falling slightly, ↘, Now
2025-03-02 20:35:53,764 [INFO] __main__ - Fetch next data 270.181116 sec later.
2025-03-02 20:35:56,267 [INFO] __main__ - KeyboardInterrupt detected.
2025-03-02 20:35:56,268 [INFO] dexcreen.dexcreen - Clean up dexcreen...
2025-03-02 20:35:56,269 [INFO] dexcreen.dexcreen - Close database...
2025-03-02 20:35:56,269 [INFO] dexcreen.dexcreen - Clear screen...
